
Design Space Explorer Report
-------------------------------------------------------------------------------

+------------------------------------------------------------------------+
| Report Information                                                     |
+------------------------------------------------------------------------+
+--------------------+---------------------------------------------------------+
| Start Date & Time  | Tue Mar 05 00:28:42 Środkowoeuropejski czas stand. 2019 |
| Working Directory  | C:/Documents and Settings/ds/Pulpit/baud_rate_converter |
| Project Name       | baud_rate_converter                                     |
| Revision Name      | baud_rate_converter                                     |
| Quartus II Version | Version 8.1 Build 163 10/28/2008 SJ Web Edition         |
+--------------------+---------------------------------------------------------+

Table of Contents
    Report Information
    Legal Notice
    Flow Messages
    Flow Summary

+-----------------------------------------------------------------------------+
| Legal Notice                                                                |
+-----------------------------------------------------------------------------+
Copyright (C) 1991-2008 Altera Corporation. All rights reserved.
Any  megafunction  design,  and related netlist (encrypted  or  decrypted),
support information,  device programming or simulation file,  and any other
associated  documentation or information  provided by  Altera  or a partner
under  Altera's   Megafunction   Partnership   Program  may  be  used  only
to program  PLD  devices (but not masked  PLD  devices) from  Altera.   Any
other  use  of such  megafunction  design,  netlist,  support  information,
device programming or simulation file,  or any other  related documentation
or information  is prohibited  for  any  other purpose,  including, but not
limited to  modification,  reverse engineering,  de-compiling, or use  with
any other  silicon devices,  unless such use is  explicitly  licensed under
a separate agreement with  Altera  or a megafunction partner.  Title to the
intellectual property,  including patents,  copyrights,  trademarks,  trade
secrets,  or maskworks,  embodied in any such megafunction design, netlist,
support  information,  device programming or simulation file,  or any other
related documentation or information provided by  Altera  or a megafunction
partner, remains with Altera, the megafunction partner, or their respective
licensors. No other licenses, including any licenses needed under any third
party's intellectual property, are provided herein.

+-----------------------------------------------------------------------------+
| Flow Messages                                                               |
+-----------------------------------------------------------------------------+

Info: Loading space: Selective Performance Optimization Space
Info: Loading space: Seeds
Info: Design space contains 7 points

+-----------------------------------------------------------------------------+
| Settings for base                                                           |
+-----------------------------------------------------------------------------+
+----------------------------------------------+----------+
| Setting                                      | Value    |
+----------------------------------------------+----------+
| ROUTER_LCELL_INSERTION_AND_LOGIC_DUPLICATION | AUTO     |
| PHYSICAL_SYNTHESIS_REGISTER_RETIMING         | OFF      |
| PLACEMENT_EFFORT_MULTIPLIER                  | 1.0      |
| ROUTER_TIMING_OPTIMIZATION_LEVEL             | NORMAL   |
| PHYSICAL_SYNTHESIS_REGISTER_DUPLICATION      | OFF      |
| SEED                                         | 1        |
| PHYSICAL_SYNTHESIS_COMBO_LOGIC               | OFF      |
| PRE_MAPPING_RESYNTHESIS                      | OFF      |
| FITTER_EFFORT                                | AUTO FIT |
| PHYSICAL_SYNTHESIS_EFFORT                    | NORMAL   |
+----------------------------------------------+----------+

Info: Compiling revision baud_rate_converter
Info: Recording base results
Info: Archiving base results

+-----------------------------------------------------------------------------+
| Results for base                                                            |
+-----------------------------------------------------------------------------+
+---------------------------------------+----------------------+
| All Clock Hold Failing Paths          | 0                    |
| All Clock Recovery Failing Paths      | 0                    |
| All Clock Removal Failing Paths       | 0                    |
| All Clock Setup Failing Paths         | 0                    |
| All Failing Paths                     | 0                    |
| Average Slack for Failing Paths       | 0                    |
| Clock Period: Geometric Mean          | 7.7 ns               |
| Clock Setup: 'CLK': Actual Time       | 7.696 ns             |
| Clock Setup: 'CLK': Failed Paths      | 0                    |
| Clock Setup: 'CLK': Slack             | unknown              |
| Elapsed Time: Analysis & Synthesis    | 00:00:05             |
| Elapsed Time: Assembler               | 00:00:02             |
| Elapsed Time: Classic Timing Analyzer | 00:00:02             |
| Elapsed Time: Fitter                  | 00:00:05             |
| Elapsed Time: Total                   | 00:00:14             |
| Quality of Fit                        | 0.0                  |
| Total block memory bits               | 0                    |
| Total logic elements                  | 102                  |
| Total Thermal Power Dissipation       | unknown              |
| Worst-case Slack                      | unknown ns (unknown) |
| Worst-case tco: Actual Time           | 8.970 ns             |
| Worst-case tco: Failed Paths          | 0                    |
| Worst-case tco: Slack                 | unknown              |
| Worst-case th: Actual Time            | -5.082 ns            |
| Worst-case th: Failed Paths           | 0                    |
| Worst-case th: Slack                  | unknown              |
| Worst-case tsu: Actual Time           | 6.189 ns             |
| Worst-case tsu: Failed Paths          | 0                    |
| Worst-case tsu: Slack                 | unknown              |
+---------------------------------------+----------------------+

Info: Exploring point 1 of 7

+-----------------------------------------------------------------------------+
| Settings for Point 1 of 7                                                   |
+-----------------------------------------------------------------------------+
+----------------------------------------------+-----------+------------+
| Setting                                      | New Value | Base Value |
+----------------------------------------------+-----------+------------+
| PLACEMENT_EFFORT_MULTIPLIER                  | 1.0       | 1.0        |
| PHYSICAL_SYNTHESIS_REGISTER_RETIMING         | ON        | OFF        |
| ROUTER_LCELL_INSERTION_AND_LOGIC_DUPLICATION | ON        | AUTO       |
| SEED                                         | 1         | 1          |
| PHYSICAL_SYNTHESIS_REGISTER_DUPLICATION      | ON        | OFF        |
| ROUTER_TIMING_OPTIMIZATION_LEVEL             | MAXIMUM   | NORMAL     |
| PRE_MAPPING_RESYNTHESIS                      | ON        | OFF        |
| PHYSICAL_SYNTHESIS_COMBO_LOGIC               | ON        | OFF        |
| PHYSICAL_SYNTHESIS_EFFORT                    | NORMAL    | NORMAL     |
| FITTER_EFFORT                                | AUTO FIT  | AUTO FIT   |
+----------------------------------------------+-----------+------------+

Info: Creating temporary revision __dse_temp_rev for point 1
Info: Compiling point 1 of 7
Info: Recording results for point 1 of 7

+-----------------------------------------------------------------------------+
| Detailed Cumulative Results                                                 |
+-----------------------------------------------------------------------------+
+-------------+------------------------------+----------------------------------+---------------------------------+-------------------------------+-------------------+---------------------------------+------------------------------+---------------------------------+----------------------------------+---------------------------+------------------------------------+-------------------------+---------------------------------------+----------------------+---------------------+----------------+-------------------------+----------------------+---------------------------------+----------------------+-----------------------------+------------------------------+-----------------------+----------------------------+-----------------------------+----------------------+-----------------------------+------------------------------+-----------------------+
| Point       | All Clock Hold Failing Paths | All Clock Recovery Failing Paths | All Clock Removal Failing Paths | All Clock Setup Failing Paths | All Failing Paths | Average Slack for Failing Paths | Clock Period: Geometric Mean | Clock Setup: 'CLK': Actual Time | Clock Setup: 'CLK': Failed Paths | Clock Setup: 'CLK': Slack | Elapsed Time: Analysis & Synthesis | Elapsed Time: Assembler | Elapsed Time: Classic Timing Analyzer | Elapsed Time: Fitter | Elapsed Time: Total | Quality of Fit | Total block memory bits | Total logic elements | Total Thermal Power Dissipation | Worst-case Slack     | Worst-case tco: Actual Time | Worst-case tco: Failed Paths | Worst-case tco: Slack | Worst-case th: Actual Time | Worst-case th: Failed Paths | Worst-case th: Slack | Worst-case tsu: Actual Time | Worst-case tsu: Failed Paths | Worst-case tsu: Slack |
+-------------+------------------------------+----------------------------------+---------------------------------+-------------------------------+-------------------+---------------------------------+------------------------------+---------------------------------+----------------------------------+---------------------------+------------------------------------+-------------------------+---------------------------------------+----------------------+---------------------+----------------+-------------------------+----------------------+---------------------------------+----------------------+-----------------------------+------------------------------+-----------------------+----------------------------+-----------------------------+----------------------+-----------------------------+------------------------------+-----------------------+
| base (Best) | 0                            | 0                                | 0                               | 0                             | 0                 | 0                               | 7.7 ns                       | 7.696 ns                        | 0                                | unknown                   | 00:00:05                           | 00:00:02                | 00:00:02                              | 00:00:05             | 00:00:14            | 0.0            | 0                       | 102                  | unknown                         | unknown ns (unknown) | 8.970 ns                    | 0                            | unknown               | -5.082 ns                  | 0                           | unknown              | 6.189 ns                    | 0                            | unknown               |
| 1           | 0                            | 0                                | 0                               | 0                             | 0                 | 0                               | 6.17 ns                      | 6.173 ns                        | 0                                | unknown                   | 00:00:03                           | 00:00:03                | 00:00:00                              | 00:00:04             | 00:00:10            | 0.0            | 0                       | 115                  | unknown                         | unknown ns (unknown) | 9.206 ns                    | 0                            | unknown               | -5.111 ns                  | 0                           | unknown              | 5.385 ns                    | 0                            | unknown               |
+-------------+------------------------------+----------------------------------+---------------------------------+-------------------------------+-------------------+---------------------------------+------------------------------+---------------------------------+----------------------------------+---------------------------+------------------------------------+-------------------------+---------------------------------------+----------------------+---------------------+----------------+-------------------------+----------------------+---------------------------------+----------------------+-----------------------------+------------------------------+-----------------------+----------------------------+-----------------------------+----------------------+-----------------------------+------------------------------+-----------------------+

Info: Restoring base settings
Info: Exploring point 2 of 7

+-----------------------------------------------------------------------------+
| Settings for Point 2 of 7                                                   |
+-----------------------------------------------------------------------------+
+----------------------------------------------+--------------+------------+
| Setting                                      | New Value    | Base Value |
+----------------------------------------------+--------------+------------+
| PLACEMENT_EFFORT_MULTIPLIER                  | 1.5          | 1.0        |
| PHYSICAL_SYNTHESIS_REGISTER_RETIMING         | ON           | OFF        |
| ROUTER_LCELL_INSERTION_AND_LOGIC_DUPLICATION | AUTO         | AUTO       |
| SEED                                         | 1            | 1          |
| PHYSICAL_SYNTHESIS_REGISTER_DUPLICATION      | ON           | OFF        |
| ROUTER_TIMING_OPTIMIZATION_LEVEL             | MAXIMUM      | NORMAL     |
| PRE_MAPPING_RESYNTHESIS                      | ON           | OFF        |
| PHYSICAL_SYNTHESIS_COMBO_LOGIC               | ON           | OFF        |
| PHYSICAL_SYNTHESIS_EFFORT                    | normal       | NORMAL     |
| FITTER_EFFORT                                | STANDARD FIT | AUTO FIT   |
+----------------------------------------------+--------------+------------+

Info: Creating temporary revision __dse_temp_rev for point 2
Info: Compiling point 2 of 7
Info: Recording results for point 2 of 7

+-----------------------------------------------------------------------------+
| Detailed Cumulative Results                                                 |
+-----------------------------------------------------------------------------+
+-------------+------------------------------+----------------------------------+---------------------------------+-------------------------------+-------------------+---------------------------------+------------------------------+---------------------------------+----------------------------------+---------------------------+------------------------------------+-------------------------+---------------------------------------+----------------------+---------------------+----------------+-------------------------+----------------------+---------------------------------+----------------------+-----------------------------+------------------------------+-----------------------+----------------------------+-----------------------------+----------------------+-----------------------------+------------------------------+-----------------------+
| Point       | All Clock Hold Failing Paths | All Clock Recovery Failing Paths | All Clock Removal Failing Paths | All Clock Setup Failing Paths | All Failing Paths | Average Slack for Failing Paths | Clock Period: Geometric Mean | Clock Setup: 'CLK': Actual Time | Clock Setup: 'CLK': Failed Paths | Clock Setup: 'CLK': Slack | Elapsed Time: Analysis & Synthesis | Elapsed Time: Assembler | Elapsed Time: Classic Timing Analyzer | Elapsed Time: Fitter | Elapsed Time: Total | Quality of Fit | Total block memory bits | Total logic elements | Total Thermal Power Dissipation | Worst-case Slack     | Worst-case tco: Actual Time | Worst-case tco: Failed Paths | Worst-case tco: Slack | Worst-case th: Actual Time | Worst-case th: Failed Paths | Worst-case th: Slack | Worst-case tsu: Actual Time | Worst-case tsu: Failed Paths | Worst-case tsu: Slack |
+-------------+------------------------------+----------------------------------+---------------------------------+-------------------------------+-------------------+---------------------------------+------------------------------+---------------------------------+----------------------------------+---------------------------+------------------------------------+-------------------------+---------------------------------------+----------------------+---------------------+----------------+-------------------------+----------------------+---------------------------------+----------------------+-----------------------------+------------------------------+-----------------------+----------------------------+-----------------------------+----------------------+-----------------------------+------------------------------+-----------------------+
| base (Best) | 0                            | 0                                | 0                               | 0                             | 0                 | 0                               | 7.7 ns                       | 7.696 ns                        | 0                                | unknown                   | 00:00:05                           | 00:00:02                | 00:00:02                              | 00:00:05             | 00:00:14            | 0.0            | 0                       | 102                  | unknown                         | unknown ns (unknown) | 8.970 ns                    | 0                            | unknown               | -5.082 ns                  | 0                           | unknown              | 6.189 ns                    | 0                            | unknown               |
| 1           | 0                            | 0                                | 0                               | 0                             | 0                 | 0                               | 6.17 ns                      | 6.173 ns                        | 0                                | unknown                   | 00:00:03                           | 00:00:03                | 00:00:00                              | 00:00:04             | 00:00:10            | 0.0            | 0                       | 115                  | unknown                         | unknown ns (unknown) | 9.206 ns                    | 0                            | unknown               | -5.111 ns                  | 0                           | unknown              | 5.385 ns                    | 0                            | unknown               |
| 2           | 0                            | 0                                | 0                               | 0                             | 0                 | 0                               | 5.16 ns                      | 5.161 ns                        | 0                                | unknown                   | 00:00:03                           | 00:00:02                | 00:00:01                              | 00:00:07             | 00:00:13            | 0.0            | 0                       | 117                  | unknown                         | unknown ns (unknown) | 10.348 ns                   | 0                            | unknown               | -4.295 ns                  | 0                           | unknown              | 5.057 ns                    | 0                            | unknown               |
+-------------+------------------------------+----------------------------------+---------------------------------+-------------------------------+-------------------+---------------------------------+------------------------------+---------------------------------+----------------------------------+---------------------------+------------------------------------+-------------------------+---------------------------------------+----------------------+---------------------+----------------+-------------------------+----------------------+---------------------------------+----------------------+-----------------------------+------------------------------+-----------------------+----------------------------+-----------------------------+----------------------+-----------------------------+------------------------------+-----------------------+

Info: Restoring base settings
Info: Exploring point 3 of 7

+-----------------------------------------------------------------------------+
| Settings for Point 3 of 7                                                   |
+-----------------------------------------------------------------------------+
+----------------------------------------------+--------------+------------+
| Setting                                      | New Value    | Base Value |
+----------------------------------------------+--------------+------------+
| PLACEMENT_EFFORT_MULTIPLIER                  | 1.5          | 1.0        |
| PHYSICAL_SYNTHESIS_REGISTER_RETIMING         | OFF          | OFF        |
| ROUTER_LCELL_INSERTION_AND_LOGIC_DUPLICATION | AUTO         | AUTO       |
| SEED                                         | 1            | 1          |
| PHYSICAL_SYNTHESIS_REGISTER_DUPLICATION      | OFF          | OFF        |
| ROUTER_TIMING_OPTIMIZATION_LEVEL             | MAXIMUM      | NORMAL     |
| PRE_MAPPING_RESYNTHESIS                      | OFF          | OFF        |
| PHYSICAL_SYNTHESIS_COMBO_LOGIC               | OFF          | OFF        |
| PHYSICAL_SYNTHESIS_EFFORT                    | NORMAL       | NORMAL     |
| FITTER_EFFORT                                | STANDARD FIT | AUTO FIT   |
+----------------------------------------------+--------------+------------+

Info: Creating temporary revision __dse_temp_rev for point 3
Info: Compiling point 3 of 7
Info: Recording results for point 3 of 7

+-----------------------------------------------------------------------------+
| Detailed Cumulative Results                                                 |
+-----------------------------------------------------------------------------+
+-------------+------------------------------+----------------------------------+---------------------------------+-------------------------------+-------------------+---------------------------------+------------------------------+---------------------------------+----------------------------------+---------------------------+------------------------------------+-------------------------+---------------------------------------+----------------------+---------------------+----------------+-------------------------+----------------------+---------------------------------+----------------------+-----------------------------+------------------------------+-----------------------+----------------------------+-----------------------------+----------------------+-----------------------------+------------------------------+-----------------------+
| Point       | All Clock Hold Failing Paths | All Clock Recovery Failing Paths | All Clock Removal Failing Paths | All Clock Setup Failing Paths | All Failing Paths | Average Slack for Failing Paths | Clock Period: Geometric Mean | Clock Setup: 'CLK': Actual Time | Clock Setup: 'CLK': Failed Paths | Clock Setup: 'CLK': Slack | Elapsed Time: Analysis & Synthesis | Elapsed Time: Assembler | Elapsed Time: Classic Timing Analyzer | Elapsed Time: Fitter | Elapsed Time: Total | Quality of Fit | Total block memory bits | Total logic elements | Total Thermal Power Dissipation | Worst-case Slack     | Worst-case tco: Actual Time | Worst-case tco: Failed Paths | Worst-case tco: Slack | Worst-case th: Actual Time | Worst-case th: Failed Paths | Worst-case th: Slack | Worst-case tsu: Actual Time | Worst-case tsu: Failed Paths | Worst-case tsu: Slack |
+-------------+------------------------------+----------------------------------+---------------------------------+-------------------------------+-------------------+---------------------------------+------------------------------+---------------------------------+----------------------------------+---------------------------+------------------------------------+-------------------------+---------------------------------------+----------------------+---------------------+----------------+-------------------------+----------------------+---------------------------------+----------------------+-----------------------------+------------------------------+-----------------------+----------------------------+-----------------------------+----------------------+-----------------------------+------------------------------+-----------------------+
| base (Best) | 0                            | 0                                | 0                               | 0                             | 0                 | 0                               | 7.7 ns                       | 7.696 ns                        | 0                                | unknown                   | 00:00:05                           | 00:00:02                | 00:00:02                              | 00:00:05             | 00:00:14            | 0.0            | 0                       | 102                  | unknown                         | unknown ns (unknown) | 8.970 ns                    | 0                            | unknown               | -5.082 ns                  | 0                           | unknown              | 6.189 ns                    | 0                            | unknown               |
| 1           | 0                            | 0                                | 0                               | 0                             | 0                 | 0                               | 6.17 ns                      | 6.173 ns                        | 0                                | unknown                   | 00:00:03                           | 00:00:03                | 00:00:00                              | 00:00:04             | 00:00:10            | 0.0            | 0                       | 115                  | unknown                         | unknown ns (unknown) | 9.206 ns                    | 0                            | unknown               | -5.111 ns                  | 0                           | unknown              | 5.385 ns                    | 0                            | unknown               |
| 2           | 0                            | 0                                | 0                               | 0                             | 0                 | 0                               | 5.16 ns                      | 5.161 ns                        | 0                                | unknown                   | 00:00:03                           | 00:00:02                | 00:00:01                              | 00:00:07             | 00:00:13            | 0.0            | 0                       | 117                  | unknown                         | unknown ns (unknown) | 10.348 ns                   | 0                            | unknown               | -4.295 ns                  | 0                           | unknown              | 5.057 ns                    | 0                            | unknown               |
| 3           | 0                            | 0                                | 0                               | 0                             | 0                 | 0                               | 5.33 ns                      | 5.329 ns                        | 0                                | unknown                   | 00:00:03                           | 00:00:02                | 00:00:02                              | 00:00:05             | 00:00:12            | 0.0            | 0                       | 104                  | unknown                         | unknown ns (unknown) | 8.516 ns                    | 0                            | unknown               | -4.697 ns                  | 0                           | unknown              | 5.393 ns                    | 0                            | unknown               |
+-------------+------------------------------+----------------------------------+---------------------------------+-------------------------------+-------------------+---------------------------------+------------------------------+---------------------------------+----------------------------------+---------------------------+------------------------------------+-------------------------+---------------------------------------+----------------------+---------------------+----------------+-------------------------+----------------------+---------------------------------+----------------------+-----------------------------+------------------------------+-----------------------+----------------------------+-----------------------------+----------------------+-----------------------------+------------------------------+-----------------------+

Info: Restoring base settings
Info: Exploring point 4 of 7

+-----------------------------------------------------------------------------+
| Settings for Point 4 of 7                                                   |
+-----------------------------------------------------------------------------+
+----------------------------------------------+-----------+------------+
| Setting                                      | New Value | Base Value |
+----------------------------------------------+-----------+------------+
| PLACEMENT_EFFORT_MULTIPLIER                  | 1.0       | 1.0        |
| PHYSICAL_SYNTHESIS_REGISTER_RETIMING         | OFF       | OFF        |
| ROUTER_LCELL_INSERTION_AND_LOGIC_DUPLICATION | AUTO      | AUTO       |
| SEED                                         | 3         | 1          |
| PHYSICAL_SYNTHESIS_REGISTER_DUPLICATION      | OFF       | OFF        |
| ROUTER_TIMING_OPTIMIZATION_LEVEL             | NORMAL    | NORMAL     |
| PRE_MAPPING_RESYNTHESIS                      | OFF       | OFF        |
| PHYSICAL_SYNTHESIS_COMBO_LOGIC               | OFF       | OFF        |
| PHYSICAL_SYNTHESIS_EFFORT                    | NORMAL    | NORMAL     |
| FITTER_EFFORT                                | AUTO FIT  | AUTO FIT   |
+----------------------------------------------+-----------+------------+

Info: Creating temporary revision __dse_temp_rev for point 4
Info: Compiling point 4 of 7
Info: Recording results for point 4 of 7

+-----------------------------------------------------------------------------+
| Detailed Cumulative Results                                                 |
+-----------------------------------------------------------------------------+
+-------------+------------------------------+----------------------------------+---------------------------------+-------------------------------+-------------------+---------------------------------+------------------------------+---------------------------------+----------------------------------+---------------------------+------------------------------------+-------------------------+---------------------------------------+----------------------+---------------------+----------------+-------------------------+----------------------+---------------------------------+----------------------+-----------------------------+------------------------------+-----------------------+----------------------------+-----------------------------+----------------------+-----------------------------+------------------------------+-----------------------+
| Point       | All Clock Hold Failing Paths | All Clock Recovery Failing Paths | All Clock Removal Failing Paths | All Clock Setup Failing Paths | All Failing Paths | Average Slack for Failing Paths | Clock Period: Geometric Mean | Clock Setup: 'CLK': Actual Time | Clock Setup: 'CLK': Failed Paths | Clock Setup: 'CLK': Slack | Elapsed Time: Analysis & Synthesis | Elapsed Time: Assembler | Elapsed Time: Classic Timing Analyzer | Elapsed Time: Fitter | Elapsed Time: Total | Quality of Fit | Total block memory bits | Total logic elements | Total Thermal Power Dissipation | Worst-case Slack     | Worst-case tco: Actual Time | Worst-case tco: Failed Paths | Worst-case tco: Slack | Worst-case th: Actual Time | Worst-case th: Failed Paths | Worst-case th: Slack | Worst-case tsu: Actual Time | Worst-case tsu: Failed Paths | Worst-case tsu: Slack |
+-------------+------------------------------+----------------------------------+---------------------------------+-------------------------------+-------------------+---------------------------------+------------------------------+---------------------------------+----------------------------------+---------------------------+------------------------------------+-------------------------+---------------------------------------+----------------------+---------------------+----------------+-------------------------+----------------------+---------------------------------+----------------------+-----------------------------+------------------------------+-----------------------+----------------------------+-----------------------------+----------------------+-----------------------------+------------------------------+-----------------------+
| base (Best) | 0                            | 0                                | 0                               | 0                             | 0                 | 0                               | 7.7 ns                       | 7.696 ns                        | 0                                | unknown                   | 00:00:05                           | 00:00:02                | 00:00:02                              | 00:00:05             | 00:00:14            | 0.0            | 0                       | 102                  | unknown                         | unknown ns (unknown) | 8.970 ns                    | 0                            | unknown               | -5.082 ns                  | 0                           | unknown              | 6.189 ns                    | 0                            | unknown               |
| 1           | 0                            | 0                                | 0                               | 0                             | 0                 | 0                               | 6.17 ns                      | 6.173 ns                        | 0                                | unknown                   | 00:00:03                           | 00:00:03                | 00:00:00                              | 00:00:04             | 00:00:10            | 0.0            | 0                       | 115                  | unknown                         | unknown ns (unknown) | 9.206 ns                    | 0                            | unknown               | -5.111 ns                  | 0                           | unknown              | 5.385 ns                    | 0                            | unknown               |
| 2           | 0                            | 0                                | 0                               | 0                             | 0                 | 0                               | 5.16 ns                      | 5.161 ns                        | 0                                | unknown                   | 00:00:03                           | 00:00:02                | 00:00:01                              | 00:00:07             | 00:00:13            | 0.0            | 0                       | 117                  | unknown                         | unknown ns (unknown) | 10.348 ns                   | 0                            | unknown               | -4.295 ns                  | 0                           | unknown              | 5.057 ns                    | 0                            | unknown               |
| 3           | 0                            | 0                                | 0                               | 0                             | 0                 | 0                               | 5.33 ns                      | 5.329 ns                        | 0                                | unknown                   | 00:00:03                           | 00:00:02                | 00:00:02                              | 00:00:05             | 00:00:12            | 0.0            | 0                       | 104                  | unknown                         | unknown ns (unknown) | 8.516 ns                    | 0                            | unknown               | -4.697 ns                  | 0                           | unknown              | 5.393 ns                    | 0                            | unknown               |
| 4           | 0                            | 0                                | 0                               | 0                             | 0                 | 0                               | 6.43 ns                      | 6.427 ns                        | 0                                | unknown                   | 00:00:02                           | 00:00:02                | 00:00:02                              | 00:00:03             | 00:00:09            | 0.0            | 0                       | 102                  | unknown                         | unknown ns (unknown) | 9.199 ns                    | 0                            | unknown               | -4.861 ns                  | 0                           | unknown              | 5.971 ns                    | 0                            | unknown               |
+-------------+------------------------------+----------------------------------+---------------------------------+-------------------------------+-------------------+---------------------------------+------------------------------+---------------------------------+----------------------------------+---------------------------+------------------------------------+-------------------------+---------------------------------------+----------------------+---------------------+----------------+-------------------------+----------------------+---------------------------------+----------------------+-----------------------------+------------------------------+-----------------------+----------------------------+-----------------------------+----------------------+-----------------------------+------------------------------+-----------------------+

Info: Restoring base settings
Info: Exploring point 5 of 7

+-----------------------------------------------------------------------------+
| Settings for Point 5 of 7                                                   |
+-----------------------------------------------------------------------------+
+----------------------------------------------+-----------+------------+
| Setting                                      | New Value | Base Value |
+----------------------------------------------+-----------+------------+
| PLACEMENT_EFFORT_MULTIPLIER                  | 1.0       | 1.0        |
| PHYSICAL_SYNTHESIS_REGISTER_RETIMING         | OFF       | OFF        |
| ROUTER_LCELL_INSERTION_AND_LOGIC_DUPLICATION | AUTO      | AUTO       |
| SEED                                         | 5         | 1          |
| PHYSICAL_SYNTHESIS_REGISTER_DUPLICATION      | OFF       | OFF        |
| ROUTER_TIMING_OPTIMIZATION_LEVEL             | NORMAL    | NORMAL     |
| PRE_MAPPING_RESYNTHESIS                      | OFF       | OFF        |
| PHYSICAL_SYNTHESIS_COMBO_LOGIC               | OFF       | OFF        |
| PHYSICAL_SYNTHESIS_EFFORT                    | NORMAL    | NORMAL     |
| FITTER_EFFORT                                | AUTO FIT  | AUTO FIT   |
+----------------------------------------------+-----------+------------+

Info: Creating temporary revision __dse_temp_rev for point 5
Info: Compiling point 5 of 7
Info: Recording results for point 5 of 7

+-----------------------------------------------------------------------------+
| Detailed Cumulative Results                                                 |
+-----------------------------------------------------------------------------+
+-------------+------------------------------+----------------------------------+---------------------------------+-------------------------------+-------------------+---------------------------------+------------------------------+---------------------------------+----------------------------------+---------------------------+------------------------------------+-------------------------+---------------------------------------+----------------------+---------------------+----------------+-------------------------+----------------------+---------------------------------+----------------------+-----------------------------+------------------------------+-----------------------+----------------------------+-----------------------------+----------------------+-----------------------------+------------------------------+-----------------------+
| Point       | All Clock Hold Failing Paths | All Clock Recovery Failing Paths | All Clock Removal Failing Paths | All Clock Setup Failing Paths | All Failing Paths | Average Slack for Failing Paths | Clock Period: Geometric Mean | Clock Setup: 'CLK': Actual Time | Clock Setup: 'CLK': Failed Paths | Clock Setup: 'CLK': Slack | Elapsed Time: Analysis & Synthesis | Elapsed Time: Assembler | Elapsed Time: Classic Timing Analyzer | Elapsed Time: Fitter | Elapsed Time: Total | Quality of Fit | Total block memory bits | Total logic elements | Total Thermal Power Dissipation | Worst-case Slack     | Worst-case tco: Actual Time | Worst-case tco: Failed Paths | Worst-case tco: Slack | Worst-case th: Actual Time | Worst-case th: Failed Paths | Worst-case th: Slack | Worst-case tsu: Actual Time | Worst-case tsu: Failed Paths | Worst-case tsu: Slack |
+-------------+------------------------------+----------------------------------+---------------------------------+-------------------------------+-------------------+---------------------------------+------------------------------+---------------------------------+----------------------------------+---------------------------+------------------------------------+-------------------------+---------------------------------------+----------------------+---------------------+----------------+-------------------------+----------------------+---------------------------------+----------------------+-----------------------------+------------------------------+-----------------------+----------------------------+-----------------------------+----------------------+-----------------------------+------------------------------+-----------------------+
| base (Best) | 0                            | 0                                | 0                               | 0                             | 0                 | 0                               | 7.7 ns                       | 7.696 ns                        | 0                                | unknown                   | 00:00:05                           | 00:00:02                | 00:00:02                              | 00:00:05             | 00:00:14            | 0.0            | 0                       | 102                  | unknown                         | unknown ns (unknown) | 8.970 ns                    | 0                            | unknown               | -5.082 ns                  | 0                           | unknown              | 6.189 ns                    | 0                            | unknown               |
| 1           | 0                            | 0                                | 0                               | 0                             | 0                 | 0                               | 6.17 ns                      | 6.173 ns                        | 0                                | unknown                   | 00:00:03                           | 00:00:03                | 00:00:00                              | 00:00:04             | 00:00:10            | 0.0            | 0                       | 115                  | unknown                         | unknown ns (unknown) | 9.206 ns                    | 0                            | unknown               | -5.111 ns                  | 0                           | unknown              | 5.385 ns                    | 0                            | unknown               |
| 2           | 0                            | 0                                | 0                               | 0                             | 0                 | 0                               | 5.16 ns                      | 5.161 ns                        | 0                                | unknown                   | 00:00:03                           | 00:00:02                | 00:00:01                              | 00:00:07             | 00:00:13            | 0.0            | 0                       | 117                  | unknown                         | unknown ns (unknown) | 10.348 ns                   | 0                            | unknown               | -4.295 ns                  | 0                           | unknown              | 5.057 ns                    | 0                            | unknown               |
| 3           | 0                            | 0                                | 0                               | 0                             | 0                 | 0                               | 5.33 ns                      | 5.329 ns                        | 0                                | unknown                   | 00:00:03                           | 00:00:02                | 00:00:02                              | 00:00:05             | 00:00:12            | 0.0            | 0                       | 104                  | unknown                         | unknown ns (unknown) | 8.516 ns                    | 0                            | unknown               | -4.697 ns                  | 0                           | unknown              | 5.393 ns                    | 0                            | unknown               |
| 4           | 0                            | 0                                | 0                               | 0                             | 0                 | 0                               | 6.43 ns                      | 6.427 ns                        | 0                                | unknown                   | 00:00:02                           | 00:00:02                | 00:00:02                              | 00:00:03             | 00:00:09            | 0.0            | 0                       | 102                  | unknown                         | unknown ns (unknown) | 9.199 ns                    | 0                            | unknown               | -4.861 ns                  | 0                           | unknown              | 5.971 ns                    | 0                            | unknown               |
| 5           | 0                            | 0                                | 0                               | 0                             | 0                 | 0                               | 6.24 ns                      | 6.240 ns                        | 0                                | unknown                   | 00:00:02                           | 00:00:02                | 00:00:02                              | 00:00:03             | 00:00:09            | 0.0            | 0                       | 102                  | unknown                         | unknown ns (unknown) | 9.313 ns                    | 0                            | unknown               | -4.689 ns                  | 0                           | unknown              | 5.531 ns                    | 0                            | unknown               |
+-------------+------------------------------+----------------------------------+---------------------------------+-------------------------------+-------------------+---------------------------------+------------------------------+---------------------------------+----------------------------------+---------------------------+------------------------------------+-------------------------+---------------------------------------+----------------------+---------------------+----------------+-------------------------+----------------------+---------------------------------+----------------------+-----------------------------+------------------------------+-----------------------+----------------------------+-----------------------------+----------------------+-----------------------------+------------------------------+-----------------------+

Info: Restoring base settings
Info: Exploring point 6 of 7

+-----------------------------------------------------------------------------+
| Settings for Point 6 of 7                                                   |
+-----------------------------------------------------------------------------+
+----------------------------------------------+-----------+------------+
| Setting                                      | New Value | Base Value |
+----------------------------------------------+-----------+------------+
| PLACEMENT_EFFORT_MULTIPLIER                  | 1.0       | 1.0        |
| PHYSICAL_SYNTHESIS_REGISTER_RETIMING         | OFF       | OFF        |
| ROUTER_LCELL_INSERTION_AND_LOGIC_DUPLICATION | AUTO      | AUTO       |
| SEED                                         | 7         | 1          |
| PHYSICAL_SYNTHESIS_REGISTER_DUPLICATION      | OFF       | OFF        |
| ROUTER_TIMING_OPTIMIZATION_LEVEL             | NORMAL    | NORMAL     |
| PRE_MAPPING_RESYNTHESIS                      | OFF       | OFF        |
| PHYSICAL_SYNTHESIS_COMBO_LOGIC               | OFF       | OFF        |
| PHYSICAL_SYNTHESIS_EFFORT                    | NORMAL    | NORMAL     |
| FITTER_EFFORT                                | AUTO FIT  | AUTO FIT   |
+----------------------------------------------+-----------+------------+

Info: Creating temporary revision __dse_temp_rev for point 6
Info: Compiling point 6 of 7
Info: Recording results for point 6 of 7

+-----------------------------------------------------------------------------+
| Detailed Cumulative Results                                                 |
+-----------------------------------------------------------------------------+
+-------------+------------------------------+----------------------------------+---------------------------------+-------------------------------+-------------------+---------------------------------+------------------------------+---------------------------------+----------------------------------+---------------------------+------------------------------------+-------------------------+---------------------------------------+----------------------+---------------------+----------------+-------------------------+----------------------+---------------------------------+----------------------+-----------------------------+------------------------------+-----------------------+----------------------------+-----------------------------+----------------------+-----------------------------+------------------------------+-----------------------+
| Point       | All Clock Hold Failing Paths | All Clock Recovery Failing Paths | All Clock Removal Failing Paths | All Clock Setup Failing Paths | All Failing Paths | Average Slack for Failing Paths | Clock Period: Geometric Mean | Clock Setup: 'CLK': Actual Time | Clock Setup: 'CLK': Failed Paths | Clock Setup: 'CLK': Slack | Elapsed Time: Analysis & Synthesis | Elapsed Time: Assembler | Elapsed Time: Classic Timing Analyzer | Elapsed Time: Fitter | Elapsed Time: Total | Quality of Fit | Total block memory bits | Total logic elements | Total Thermal Power Dissipation | Worst-case Slack     | Worst-case tco: Actual Time | Worst-case tco: Failed Paths | Worst-case tco: Slack | Worst-case th: Actual Time | Worst-case th: Failed Paths | Worst-case th: Slack | Worst-case tsu: Actual Time | Worst-case tsu: Failed Paths | Worst-case tsu: Slack |
+-------------+------------------------------+----------------------------------+---------------------------------+-------------------------------+-------------------+---------------------------------+------------------------------+---------------------------------+----------------------------------+---------------------------+------------------------------------+-------------------------+---------------------------------------+----------------------+---------------------+----------------+-------------------------+----------------------+---------------------------------+----------------------+-----------------------------+------------------------------+-----------------------+----------------------------+-----------------------------+----------------------+-----------------------------+------------------------------+-----------------------+
| base (Best) | 0                            | 0                                | 0                               | 0                             | 0                 | 0                               | 7.7 ns                       | 7.696 ns                        | 0                                | unknown                   | 00:00:05                           | 00:00:02                | 00:00:02                              | 00:00:05             | 00:00:14            | 0.0            | 0                       | 102                  | unknown                         | unknown ns (unknown) | 8.970 ns                    | 0                            | unknown               | -5.082 ns                  | 0                           | unknown              | 6.189 ns                    | 0                            | unknown               |
| 1           | 0                            | 0                                | 0                               | 0                             | 0                 | 0                               | 6.17 ns                      | 6.173 ns                        | 0                                | unknown                   | 00:00:03                           | 00:00:03                | 00:00:00                              | 00:00:04             | 00:00:10            | 0.0            | 0                       | 115                  | unknown                         | unknown ns (unknown) | 9.206 ns                    | 0                            | unknown               | -5.111 ns                  | 0                           | unknown              | 5.385 ns                    | 0                            | unknown               |
| 2           | 0                            | 0                                | 0                               | 0                             | 0                 | 0                               | 5.16 ns                      | 5.161 ns                        | 0                                | unknown                   | 00:00:03                           | 00:00:02                | 00:00:01                              | 00:00:07             | 00:00:13            | 0.0            | 0                       | 117                  | unknown                         | unknown ns (unknown) | 10.348 ns                   | 0                            | unknown               | -4.295 ns                  | 0                           | unknown              | 5.057 ns                    | 0                            | unknown               |
| 3           | 0                            | 0                                | 0                               | 0                             | 0                 | 0                               | 5.33 ns                      | 5.329 ns                        | 0                                | unknown                   | 00:00:03                           | 00:00:02                | 00:00:02                              | 00:00:05             | 00:00:12            | 0.0            | 0                       | 104                  | unknown                         | unknown ns (unknown) | 8.516 ns                    | 0                            | unknown               | -4.697 ns                  | 0                           | unknown              | 5.393 ns                    | 0                            | unknown               |
| 4           | 0                            | 0                                | 0                               | 0                             | 0                 | 0                               | 6.43 ns                      | 6.427 ns                        | 0                                | unknown                   | 00:00:02                           | 00:00:02                | 00:00:02                              | 00:00:03             | 00:00:09            | 0.0            | 0                       | 102                  | unknown                         | unknown ns (unknown) | 9.199 ns                    | 0                            | unknown               | -4.861 ns                  | 0                           | unknown              | 5.971 ns                    | 0                            | unknown               |
| 5           | 0                            | 0                                | 0                               | 0                             | 0                 | 0                               | 6.24 ns                      | 6.240 ns                        | 0                                | unknown                   | 00:00:02                           | 00:00:02                | 00:00:02                              | 00:00:03             | 00:00:09            | 0.0            | 0                       | 102                  | unknown                         | unknown ns (unknown) | 9.313 ns                    | 0                            | unknown               | -4.689 ns                  | 0                           | unknown              | 5.531 ns                    | 0                            | unknown               |
| 6           | 0                            | 0                                | 0                               | 0                             | 0                 | 0                               | 6.85 ns                      | 6.850 ns                        | 0                                | unknown                   | 00:00:02                           | 00:00:02                | 00:00:00                              | 00:00:03             | 00:00:07            | 0.0            | 0                       | 102                  | unknown                         | unknown ns (unknown) | 9.297 ns                    | 0                            | unknown               | -4.777 ns                  | 0                           | unknown              | 5.543 ns                    | 0                            | unknown               |
+-------------+------------------------------+----------------------------------+---------------------------------+-------------------------------+-------------------+---------------------------------+------------------------------+---------------------------------+----------------------------------+---------------------------+------------------------------------+-------------------------+---------------------------------------+----------------------+---------------------+----------------+-------------------------+----------------------+---------------------------------+----------------------+-----------------------------+------------------------------+-----------------------+----------------------------+-----------------------------+----------------------+-----------------------------+------------------------------+-----------------------+

Info: Restoring base settings
Info: Exploring point 7 of 7

+-----------------------------------------------------------------------------+
| Settings for Point 7 of 7                                                   |
+-----------------------------------------------------------------------------+
+----------------------------------------------+-----------+------------+
| Setting                                      | New Value | Base Value |
+----------------------------------------------+-----------+------------+
| PLACEMENT_EFFORT_MULTIPLIER                  | 1.0       | 1.0        |
| PHYSICAL_SYNTHESIS_REGISTER_RETIMING         | OFF       | OFF        |
| ROUTER_LCELL_INSERTION_AND_LOGIC_DUPLICATION | AUTO      | AUTO       |
| SEED                                         | 11        | 1          |
| PHYSICAL_SYNTHESIS_REGISTER_DUPLICATION      | OFF       | OFF        |
| ROUTER_TIMING_OPTIMIZATION_LEVEL             | NORMAL    | NORMAL     |
| PRE_MAPPING_RESYNTHESIS                      | OFF       | OFF        |
| PHYSICAL_SYNTHESIS_COMBO_LOGIC               | OFF       | OFF        |
| PHYSICAL_SYNTHESIS_EFFORT                    | NORMAL    | NORMAL     |
| FITTER_EFFORT                                | AUTO FIT  | AUTO FIT   |
+----------------------------------------------+-----------+------------+

Info: Creating temporary revision __dse_temp_rev for point 7
Info: Compiling point 7 of 7
Info: Recording results for point 7 of 7

+-----------------------------------------------------------------------------+
| Detailed Cumulative Results                                                 |
+-----------------------------------------------------------------------------+
+-------------+------------------------------+----------------------------------+---------------------------------+-------------------------------+-------------------+---------------------------------+------------------------------+---------------------------------+----------------------------------+---------------------------+------------------------------------+-------------------------+---------------------------------------+----------------------+---------------------+----------------+-------------------------+----------------------+---------------------------------+----------------------+-----------------------------+------------------------------+-----------------------+----------------------------+-----------------------------+----------------------+-----------------------------+------------------------------+-----------------------+
| Point       | All Clock Hold Failing Paths | All Clock Recovery Failing Paths | All Clock Removal Failing Paths | All Clock Setup Failing Paths | All Failing Paths | Average Slack for Failing Paths | Clock Period: Geometric Mean | Clock Setup: 'CLK': Actual Time | Clock Setup: 'CLK': Failed Paths | Clock Setup: 'CLK': Slack | Elapsed Time: Analysis & Synthesis | Elapsed Time: Assembler | Elapsed Time: Classic Timing Analyzer | Elapsed Time: Fitter | Elapsed Time: Total | Quality of Fit | Total block memory bits | Total logic elements | Total Thermal Power Dissipation | Worst-case Slack     | Worst-case tco: Actual Time | Worst-case tco: Failed Paths | Worst-case tco: Slack | Worst-case th: Actual Time | Worst-case th: Failed Paths | Worst-case th: Slack | Worst-case tsu: Actual Time | Worst-case tsu: Failed Paths | Worst-case tsu: Slack |
+-------------+------------------------------+----------------------------------+---------------------------------+-------------------------------+-------------------+---------------------------------+------------------------------+---------------------------------+----------------------------------+---------------------------+------------------------------------+-------------------------+---------------------------------------+----------------------+---------------------+----------------+-------------------------+----------------------+---------------------------------+----------------------+-----------------------------+------------------------------+-----------------------+----------------------------+-----------------------------+----------------------+-----------------------------+------------------------------+-----------------------+
| base (Best) | 0                            | 0                                | 0                               | 0                             | 0                 | 0                               | 7.7 ns                       | 7.696 ns                        | 0                                | unknown                   | 00:00:05                           | 00:00:02                | 00:00:02                              | 00:00:05             | 00:00:14            | 0.0            | 0                       | 102                  | unknown                         | unknown ns (unknown) | 8.970 ns                    | 0                            | unknown               | -5.082 ns                  | 0                           | unknown              | 6.189 ns                    | 0                            | unknown               |
| 1           | 0                            | 0                                | 0                               | 0                             | 0                 | 0                               | 6.17 ns                      | 6.173 ns                        | 0                                | unknown                   | 00:00:03                           | 00:00:03                | 00:00:00                              | 00:00:04             | 00:00:10            | 0.0            | 0                       | 115                  | unknown                         | unknown ns (unknown) | 9.206 ns                    | 0                            | unknown               | -5.111 ns                  | 0                           | unknown              | 5.385 ns                    | 0                            | unknown               |
| 2           | 0                            | 0                                | 0                               | 0                             | 0                 | 0                               | 5.16 ns                      | 5.161 ns                        | 0                                | unknown                   | 00:00:03                           | 00:00:02                | 00:00:01                              | 00:00:07             | 00:00:13            | 0.0            | 0                       | 117                  | unknown                         | unknown ns (unknown) | 10.348 ns                   | 0                            | unknown               | -4.295 ns                  | 0                           | unknown              | 5.057 ns                    | 0                            | unknown               |
| 3           | 0                            | 0                                | 0                               | 0                             | 0                 | 0                               | 5.33 ns                      | 5.329 ns                        | 0                                | unknown                   | 00:00:03                           | 00:00:02                | 00:00:02                              | 00:00:05             | 00:00:12            | 0.0            | 0                       | 104                  | unknown                         | unknown ns (unknown) | 8.516 ns                    | 0                            | unknown               | -4.697 ns                  | 0                           | unknown              | 5.393 ns                    | 0                            | unknown               |
| 4           | 0                            | 0                                | 0                               | 0                             | 0                 | 0                               | 6.43 ns                      | 6.427 ns                        | 0                                | unknown                   | 00:00:02                           | 00:00:02                | 00:00:02                              | 00:00:03             | 00:00:09            | 0.0            | 0                       | 102                  | unknown                         | unknown ns (unknown) | 9.199 ns                    | 0                            | unknown               | -4.861 ns                  | 0                           | unknown              | 5.971 ns                    | 0                            | unknown               |
| 5           | 0                            | 0                                | 0                               | 0                             | 0                 | 0                               | 6.24 ns                      | 6.240 ns                        | 0                                | unknown                   | 00:00:02                           | 00:00:02                | 00:00:02                              | 00:00:03             | 00:00:09            | 0.0            | 0                       | 102                  | unknown                         | unknown ns (unknown) | 9.313 ns                    | 0                            | unknown               | -4.689 ns                  | 0                           | unknown              | 5.531 ns                    | 0                            | unknown               |
| 6           | 0                            | 0                                | 0                               | 0                             | 0                 | 0                               | 6.85 ns                      | 6.850 ns                        | 0                                | unknown                   | 00:00:02                           | 00:00:02                | 00:00:00                              | 00:00:03             | 00:00:07            | 0.0            | 0                       | 102                  | unknown                         | unknown ns (unknown) | 9.297 ns                    | 0                            | unknown               | -4.777 ns                  | 0                           | unknown              | 5.543 ns                    | 0                            | unknown               |
| 7           | 0                            | 0                                | 0                               | 0                             | 0                 | 0                               | 7.55 ns                      | 7.554 ns                        | 0                                | unknown                   | 00:00:01                           | 00:00:02                | 00:00:01                              | 00:00:03             | 00:00:07            | 0.0            | 0                       | 102                  | unknown                         | unknown ns (unknown) | 10.180 ns                   | 0                            | unknown               | -5.273 ns                  | 0                           | unknown              | 5.543 ns                    | 0                            | unknown               |
+-------------+------------------------------+----------------------------------+---------------------------------+-------------------------------+-------------------+---------------------------------+------------------------------+---------------------------------+----------------------------------+---------------------------+------------------------------------+-------------------------+---------------------------------------+----------------------+---------------------+----------------+-------------------------+----------------------+---------------------------------+----------------------+-----------------------------+------------------------------+-----------------------+----------------------------+-----------------------------+----------------------+-----------------------------+------------------------------+-----------------------+

Info: Restoring base settings

+-----------------------------------------------------------------------------+
| Flow Summary                                                                |
+-----------------------------------------------------------------------------+

+-----------------------------------------------------------------------------+
| Detailed Results                                                            |
+-----------------------------------------------------------------------------+
+-------------+------------------------------+----------------------------------+---------------------------------+-------------------------------+-------------------+---------------------------------+------------------------------+---------------------------------+----------------------------------+---------------------------+------------------------------------+-------------------------+---------------------------------------+----------------------+---------------------+----------------+-------------------------+----------------------+---------------------------------+----------------------+-----------------------------+------------------------------+-----------------------+----------------------------+-----------------------------+----------------------+-----------------------------+------------------------------+-----------------------+
| Point       | All Clock Hold Failing Paths | All Clock Recovery Failing Paths | All Clock Removal Failing Paths | All Clock Setup Failing Paths | All Failing Paths | Average Slack for Failing Paths | Clock Period: Geometric Mean | Clock Setup: 'CLK': Actual Time | Clock Setup: 'CLK': Failed Paths | Clock Setup: 'CLK': Slack | Elapsed Time: Analysis & Synthesis | Elapsed Time: Assembler | Elapsed Time: Classic Timing Analyzer | Elapsed Time: Fitter | Elapsed Time: Total | Quality of Fit | Total block memory bits | Total logic elements | Total Thermal Power Dissipation | Worst-case Slack     | Worst-case tco: Actual Time | Worst-case tco: Failed Paths | Worst-case tco: Slack | Worst-case th: Actual Time | Worst-case th: Failed Paths | Worst-case th: Slack | Worst-case tsu: Actual Time | Worst-case tsu: Failed Paths | Worst-case tsu: Slack |
+-------------+------------------------------+----------------------------------+---------------------------------+-------------------------------+-------------------+---------------------------------+------------------------------+---------------------------------+----------------------------------+---------------------------+------------------------------------+-------------------------+---------------------------------------+----------------------+---------------------+----------------+-------------------------+----------------------+---------------------------------+----------------------+-----------------------------+------------------------------+-----------------------+----------------------------+-----------------------------+----------------------+-----------------------------+------------------------------+-----------------------+
| base (Best) | 0                            | 0                                | 0                               | 0                             | 0                 | 0                               | 7.7 ns                       | 7.696 ns                        | 0                                | unknown                   | 00:00:05                           | 00:00:02                | 00:00:02                              | 00:00:05             | 00:00:14            | 0.0            | 0                       | 102                  | unknown                         | unknown ns (unknown) | 8.970 ns                    | 0                            | unknown               | -5.082 ns                  | 0                           | unknown              | 6.189 ns                    | 0                            | unknown               |
| 1           | 0                            | 0                                | 0                               | 0                             | 0                 | 0                               | 6.17 ns                      | 6.173 ns                        | 0                                | unknown                   | 00:00:03                           | 00:00:03                | 00:00:00                              | 00:00:04             | 00:00:10            | 0.0            | 0                       | 115                  | unknown                         | unknown ns (unknown) | 9.206 ns                    | 0                            | unknown               | -5.111 ns                  | 0                           | unknown              | 5.385 ns                    | 0                            | unknown               |
| 2           | 0                            | 0                                | 0                               | 0                             | 0                 | 0                               | 5.16 ns                      | 5.161 ns                        | 0                                | unknown                   | 00:00:03                           | 00:00:02                | 00:00:01                              | 00:00:07             | 00:00:13            | 0.0            | 0                       | 117                  | unknown                         | unknown ns (unknown) | 10.348 ns                   | 0                            | unknown               | -4.295 ns                  | 0                           | unknown              | 5.057 ns                    | 0                            | unknown               |
| 3           | 0                            | 0                                | 0                               | 0                             | 0                 | 0                               | 5.33 ns                      | 5.329 ns                        | 0                                | unknown                   | 00:00:03                           | 00:00:02                | 00:00:02                              | 00:00:05             | 00:00:12            | 0.0            | 0                       | 104                  | unknown                         | unknown ns (unknown) | 8.516 ns                    | 0                            | unknown               | -4.697 ns                  | 0                           | unknown              | 5.393 ns                    | 0                            | unknown               |
| 4           | 0                            | 0                                | 0                               | 0                             | 0                 | 0                               | 6.43 ns                      | 6.427 ns                        | 0                                | unknown                   | 00:00:02                           | 00:00:02                | 00:00:02                              | 00:00:03             | 00:00:09            | 0.0            | 0                       | 102                  | unknown                         | unknown ns (unknown) | 9.199 ns                    | 0                            | unknown               | -4.861 ns                  | 0                           | unknown              | 5.971 ns                    | 0                            | unknown               |
| 5           | 0                            | 0                                | 0                               | 0                             | 0                 | 0                               | 6.24 ns                      | 6.240 ns                        | 0                                | unknown                   | 00:00:02                           | 00:00:02                | 00:00:02                              | 00:00:03             | 00:00:09            | 0.0            | 0                       | 102                  | unknown                         | unknown ns (unknown) | 9.313 ns                    | 0                            | unknown               | -4.689 ns                  | 0                           | unknown              | 5.531 ns                    | 0                            | unknown               |
| 6           | 0                            | 0                                | 0                               | 0                             | 0                 | 0                               | 6.85 ns                      | 6.850 ns                        | 0                                | unknown                   | 00:00:02                           | 00:00:02                | 00:00:00                              | 00:00:03             | 00:00:07            | 0.0            | 0                       | 102                  | unknown                         | unknown ns (unknown) | 9.297 ns                    | 0                            | unknown               | -4.777 ns                  | 0                           | unknown              | 5.543 ns                    | 0                            | unknown               |
| 7           | 0                            | 0                                | 0                               | 0                             | 0                 | 0                               | 7.55 ns                      | 7.554 ns                        | 0                                | unknown                   | 00:00:01                           | 00:00:02                | 00:00:01                              | 00:00:03             | 00:00:07            | 0.0            | 0                       | 102                  | unknown                         | unknown ns (unknown) | 10.180 ns                   | 0                            | unknown               | -5.273 ns                  | 0                           | unknown              | 5.543 ns                    | 0                            | unknown               |
+-------------+------------------------------+----------------------------------+---------------------------------+-------------------------------+-------------------+---------------------------------+------------------------------+---------------------------------+----------------------------------+---------------------------+------------------------------------+-------------------------+---------------------------------------+----------------------+---------------------+----------------+-------------------------+----------------------+---------------------------------+----------------------+-----------------------------+------------------------------+-----------------------+----------------------------+-----------------------------+----------------------+-----------------------------+------------------------------+-----------------------+


+-----------------------------------------------------------------------------+
| Results for Base                                                            |
+-----------------------------------------------------------------------------+
+---------------------------------------+----------------------+
| All Clock Hold Failing Paths          | 0                    |
| All Clock Recovery Failing Paths      | 0                    |
| All Clock Removal Failing Paths       | 0                    |
| All Clock Setup Failing Paths         | 0                    |
| All Failing Paths                     | 0                    |
| Average Slack for Failing Paths       | 0                    |
| Clock Period: Geometric Mean          | 7.7 ns               |
| Clock Setup: 'CLK': Actual Time       | 7.696 ns             |
| Clock Setup: 'CLK': Failed Paths      | 0                    |
| Clock Setup: 'CLK': Slack             | unknown              |
| Elapsed Time: Analysis & Synthesis    | 00:00:05             |
| Elapsed Time: Assembler               | 00:00:02             |
| Elapsed Time: Classic Timing Analyzer | 00:00:02             |
| Elapsed Time: Fitter                  | 00:00:05             |
| Elapsed Time: Total                   | 00:00:14             |
| Quality of Fit                        | 0.0                  |
| Total block memory bits               | 0                    |
| Total logic elements                  | 102                  |
| Total Thermal Power Dissipation       | unknown              |
| Worst-case Slack                      | unknown ns (unknown) |
| Worst-case tco: Actual Time           | 8.970 ns             |
| Worst-case tco: Failed Paths          | 0                    |
| Worst-case tco: Slack                 | unknown              |
| Worst-case th: Actual Time            | -5.082 ns            |
| Worst-case th: Failed Paths           | 0                    |
| Worst-case th: Slack                  | unknown              |
| Worst-case tsu: Actual Time           | 6.189 ns             |
| Worst-case tsu: Failed Paths          | 0                    |
| Worst-case tsu: Slack                 | unknown              |
+---------------------------------------+----------------------+

Info: Best results were your base results

+-----------------------------------------------------------------------------+
| Circuit Signature Report                                                    |
+-----------------------------------------------------------------------------+
+---------------------------+--------------------+---------------------+---------------------+
|                           | Average Slack Gain | Average Period Gain | Average Logic Count |
+---------------------------+--------------------+---------------------+---------------------+
| Compile Group 1 (4 seeds) | unknown            | -12.110% +/- 7.5%   | 0.000% +/- 0.0%     |
| Compile Group 2 (1 seeds) | unknown            | -19.870%            | 12.000%             |
| Compile Group 3 (1 seeds) | unknown            | -32.987%            | 14.000%             |
| Compile Group 4 (1 seeds) | unknown            | -30.779%            | 1.000%              |
+---------------------------+--------------------+---------------------+---------------------+


+-----------------------------------------------------------------------------+
| Circuit Signature Compile Groups                                            |
+-----------------------------------------------------------------------------+
+-----------------+---------------+-----------------------------------------------------+
| Group Name      | Group Members | Group Settings                                      |
+-----------------+---------------+-----------------------------------------------------+
| Compile Group 1 | 4 5 6 7       | <Base Settings>                                     |
|                 |               | FITTER_EFFORT = AUTO FIT                            |
|                 |               | PHYSICAL_SYNTHESIS_COMBO_LOGIC = OFF                |
|                 |               | PHYSICAL_SYNTHESIS_EFFORT = NORMAL                  |
|                 |               | PHYSICAL_SYNTHESIS_REGISTER_DUPLICATION = OFF       |
|                 |               | PHYSICAL_SYNTHESIS_REGISTER_RETIMING = OFF          |
|                 |               | PLACEMENT_EFFORT_MULTIPLIER = 1.0                   |
|                 |               | PRE_MAPPING_RESYNTHESIS = OFF                       |
|                 |               | ROUTER_LCELL_INSERTION_AND_LOGIC_DUPLICATION = AUTO |
|                 |               | ROUTER_TIMING_OPTIMIZATION_LEVEL = NORMAL           |
|                 |               |                                                     |
+-----------------+---------------+-----------------------------------------------------+
| Compile Group 2 | 1             | FITTER_EFFORT = AUTO FIT                            |
|                 |               | PHYSICAL_SYNTHESIS_COMBO_LOGIC = ON                 |
|                 |               | PHYSICAL_SYNTHESIS_EFFORT = NORMAL                  |
|                 |               | PHYSICAL_SYNTHESIS_REGISTER_DUPLICATION = ON        |
|                 |               | PHYSICAL_SYNTHESIS_REGISTER_RETIMING = ON           |
|                 |               | PRE_MAPPING_RESYNTHESIS = ON                        |
|                 |               | ROUTER_LCELL_INSERTION_AND_LOGIC_DUPLICATION = ON   |
|                 |               | ROUTER_TIMING_OPTIMIZATION_LEVEL = MAXIMUM          |
|                 |               |                                                     |
+-----------------+---------------+-----------------------------------------------------+
| Compile Group 3 | 2             | FITTER_EFFORT = STANDARD FIT                        |
|                 |               | PHYSICAL_SYNTHESIS_COMBO_LOGIC = ON                 |
|                 |               | PHYSICAL_SYNTHESIS_EFFORT = normal                  |
|                 |               | PHYSICAL_SYNTHESIS_REGISTER_DUPLICATION = ON        |
|                 |               | PHYSICAL_SYNTHESIS_REGISTER_RETIMING = ON           |
|                 |               | PLACEMENT_EFFORT_MULTIPLIER = 1.5                   |
|                 |               | PRE_MAPPING_RESYNTHESIS = ON                        |
|                 |               | ROUTER_TIMING_OPTIMIZATION_LEVEL = MAXIMUM          |
|                 |               |                                                     |
+-----------------+---------------+-----------------------------------------------------+
| Compile Group 4 | 3             | FITTER_EFFORT = STANDARD FIT                        |
|                 |               | PHYSICAL_SYNTHESIS_COMBO_LOGIC = OFF                |
|                 |               | PHYSICAL_SYNTHESIS_EFFORT = NORMAL                  |
|                 |               | PHYSICAL_SYNTHESIS_REGISTER_DUPLICATION = OFF       |
|                 |               | PHYSICAL_SYNTHESIS_REGISTER_RETIMING = OFF          |
|                 |               | PLACEMENT_EFFORT_MULTIPLIER = 1.5                   |
|                 |               | PRE_MAPPING_RESYNTHESIS = OFF                       |
|                 |               | ROUTER_TIMING_OPTIMIZATION_LEVEL = MAXIMUM          |
|                 |               |                                                     |
+-----------------+---------------+-----------------------------------------------------+

Info: Exploration has finished. 0 errors, 0 warnings
Info: Exploration ended: Tue Mar 05 00:31:07 Środkowoeuropejski czas stand. 2019
Info: Elapsed time: 00:02:24
