Analysis & Synthesis report for baud_rate_converter
Tue Mar 05 00:28:51 2019
Quartus II Version 8.1 Build 163 10/28/2008 SJ Web Edition


---------------------
; Table of Contents ;
---------------------
  1. Legal Notice
  2. Analysis & Synthesis Summary
  3. Analysis & Synthesis Settings
  4. Analysis & Synthesis Source Files Read
  5. Analysis & Synthesis Resource Usage Summary
  6. Analysis & Synthesis Resource Utilization by Entity
  7. State Machine - |baud_rate_converter|state
  8. Registers Removed During Synthesis
  9. General Register Statistics
 10. Inverted Register Statistics
 11. Multiplexer Restructuring Statistics (Restructuring Performed)
 12. Analysis & Synthesis Messages



----------------
; Legal Notice ;
----------------
Copyright (C) 1991-2008 Altera Corporation
Your use of Altera Corporation's design tools, logic functions 
and other software and tools, and its AMPP partner logic 
functions, and any output files from any of the foregoing 
(including device programming or simulation files), and any 
associated documentation or information are expressly subject 
to the terms and conditions of the Altera Program License 
Subscription Agreement, Altera MegaCore Function License 
Agreement, or other applicable license agreement, including, 
without limitation, that your use is for the sole purpose of 
programming logic devices manufactured by Altera and sold by 
Altera or its authorized distributors.  Please refer to the 
applicable agreement for further details.



+------------------------------------------------------------------------------+
; Analysis & Synthesis Summary                                                 ;
+------------------------------------+-----------------------------------------+
; Analysis & Synthesis Status        ; Successful - Tue Mar 05 00:28:51 2019   ;
; Quartus II Version                 ; 8.1 Build 163 10/28/2008 SJ Web Edition ;
; Revision Name                      ; baud_rate_converter                     ;
; Top-level Entity Name              ; baud_rate_converter                     ;
; Family                             ; Cyclone II                              ;
; Total logic elements               ; 101                                     ;
;     Total combinational functions  ; 101                                     ;
;     Dedicated logic registers      ; 58                                      ;
; Total registers                    ; 58                                      ;
; Total pins                         ; 4                                       ;
; Total virtual pins                 ; 0                                       ;
; Total memory bits                  ; 0                                       ;
; Embedded Multiplier 9-bit elements ; 0                                       ;
; Total PLLs                         ; 0                                       ;
+------------------------------------+-----------------------------------------+


+------------------------------------------------------------------------------------------------------------+
; Analysis & Synthesis Settings                                                                              ;
+----------------------------------------------------------------+---------------------+---------------------+
; Option                                                         ; Setting             ; Default Value       ;
+----------------------------------------------------------------+---------------------+---------------------+
; Device                                                         ; EP2C5T144C8         ;                     ;
; Top-level entity name                                          ; baud_rate_converter ; baud_rate_converter ;
; Family name                                                    ; Cyclone II          ; Stratix II          ;
; Use Generated Physical Constraints File                        ; Off                 ;                     ;
; Use smart compilation                                          ; Off                 ; Off                 ;
; Restructure Multiplexers                                       ; Auto                ; Auto                ;
; Create Debugging Nodes for IP Cores                            ; Off                 ; Off                 ;
; Preserve fewer node names                                      ; On                  ; On                  ;
; Disable OpenCore Plus hardware evaluation                      ; Off                 ; Off                 ;
; Verilog Version                                                ; Verilog_2001        ; Verilog_2001        ;
; VHDL Version                                                   ; VHDL93              ; VHDL93              ;
; State Machine Processing                                       ; Auto                ; Auto                ;
; Safe State Machine                                             ; Off                 ; Off                 ;
; Extract Verilog State Machines                                 ; On                  ; On                  ;
; Extract VHDL State Machines                                    ; On                  ; On                  ;
; Ignore Verilog initial constructs                              ; Off                 ; Off                 ;
; Iteration limit for constant Verilog loops                     ; 5000                ; 5000                ;
; Iteration limit for non-constant Verilog loops                 ; 250                 ; 250                 ;
; Add Pass-Through Logic to Inferred RAMs                        ; On                  ; On                  ;
; Parallel Synthesis                                             ; Off                 ; Off                 ;
; DSP Block Balancing                                            ; Auto                ; Auto                ;
; NOT Gate Push-Back                                             ; On                  ; On                  ;
; Power-Up Don't Care                                            ; On                  ; On                  ;
; Remove Redundant Logic Cells                                   ; Off                 ; Off                 ;
; Remove Duplicate Registers                                     ; On                  ; On                  ;
; Ignore CARRY Buffers                                           ; Off                 ; Off                 ;
; Ignore CASCADE Buffers                                         ; Off                 ; Off                 ;
; Ignore GLOBAL Buffers                                          ; Off                 ; Off                 ;
; Ignore ROW GLOBAL Buffers                                      ; Off                 ; Off                 ;
; Ignore LCELL Buffers                                           ; Off                 ; Off                 ;
; Ignore SOFT Buffers                                            ; On                  ; On                  ;
; Limit AHDL Integers to 32 Bits                                 ; Off                 ; Off                 ;
; Optimization Technique                                         ; Balanced            ; Balanced            ;
; Carry Chain Length                                             ; 70                  ; 70                  ;
; Auto Carry Chains                                              ; On                  ; On                  ;
; Auto Open-Drain Pins                                           ; On                  ; On                  ;
; Perform WYSIWYG Primitive Resynthesis                          ; Off                 ; Off                 ;
; Perform gate-level register retiming                           ; Off                 ; Off                 ;
; Allow register retiming to trade off Tsu/Tco with Fmax         ; On                  ; On                  ;
; Auto ROM Replacement                                           ; On                  ; On                  ;
; Auto RAM Replacement                                           ; On                  ; On                  ;
; Auto Shift Register Replacement                                ; Auto                ; Auto                ;
; Auto Clock Enable Replacement                                  ; On                  ; On                  ;
; Strict RAM Replacement                                         ; Off                 ; Off                 ;
; Allow Synchronous Control Signals                              ; On                  ; On                  ;
; Force Use of Synchronous Clear Signals                         ; Off                 ; Off                 ;
; Auto RAM to Logic Cell Conversion                              ; Off                 ; Off                 ;
; Auto Resource Sharing                                          ; Off                 ; Off                 ;
; Allow Any RAM Size For Recognition                             ; Off                 ; Off                 ;
; Allow Any ROM Size For Recognition                             ; Off                 ; Off                 ;
; Allow Any Shift Register Size For Recognition                  ; Off                 ; Off                 ;
; Use LogicLock Constraints during Resource Balancing            ; On                  ; On                  ;
; Ignore translate_off and synthesis_off directives              ; Off                 ; Off                 ;
; Show Parameter Settings Tables in Synthesis Report             ; On                  ; On                  ;
; Ignore Maximum Fan-Out Assignments                             ; Off                 ; Off                 ;
; Synchronization Register Chain Length                          ; 2                   ; 2                   ;
; PowerPlay Power Optimization                                   ; Normal compilation  ; Normal compilation  ;
; HDL message level                                              ; Level2              ; Level2              ;
; Suppress Register Optimization Related Messages                ; Off                 ; Off                 ;
; Number of Removed Registers Reported in Synthesis Report       ; 100                 ; 100                 ;
; Number of Inverted Registers Reported in Synthesis Report      ; 100                 ; 100                 ;
; Clock MUX Protection                                           ; On                  ; On                  ;
; Auto Gated Clock Conversion                                    ; Off                 ; Off                 ;
; Block Design Naming                                            ; Auto                ; Auto                ;
; SDC constraint protection                                      ; Off                 ; Off                 ;
; Synthesis Effort                                               ; Auto                ; Auto                ;
; Allows Asynchronous Clear Usage For Shift Register Replacement ; On                  ; On                  ;
; Analysis & Synthesis Message Level                             ; Medium              ; Medium              ;
+----------------------------------------------------------------+---------------------+---------------------+


+--------------------------------------------------------------------------------------------------------------------------------------------------------+
; Analysis & Synthesis Source Files Read                                                                                                                 ;
+----------------------------------+-----------------+-----------------+---------------------------------------------------------------------------------+
; File Name with User-Entered Path ; Used in Netlist ; File Type       ; File Name with Absolute Path                                                    ;
+----------------------------------+-----------------+-----------------+---------------------------------------------------------------------------------+
; baud_rate_converter.vhd          ; yes             ; User VHDL File  ; C:/Documents and Settings/ds/Pulpit/baud_rate_converter/baud_rate_converter.vhd ;
+----------------------------------+-----------------+-----------------+---------------------------------------------------------------------------------+


+-----------------------------------------------------+
; Analysis & Synthesis Resource Usage Summary         ;
+---------------------------------------------+-------+
; Resource                                    ; Usage ;
+---------------------------------------------+-------+
; Estimated Total logic elements              ; 101   ;
;                                             ;       ;
; Total combinational functions               ; 101   ;
; Logic element usage by number of LUT inputs ;       ;
;     -- 4 input functions                    ; 43    ;
;     -- 3 input functions                    ; 4     ;
;     -- <=2 input functions                  ; 54    ;
;                                             ;       ;
; Logic elements by mode                      ;       ;
;     -- normal mode                          ; 65    ;
;     -- arithmetic mode                      ; 36    ;
;                                             ;       ;
; Total registers                             ; 58    ;
;     -- Dedicated logic registers            ; 58    ;
;     -- I/O registers                        ; 0     ;
;                                             ;       ;
; I/O pins                                    ; 4     ;
; Maximum fan-out node                        ; CLK   ;
; Maximum fan-out                             ; 58    ;
; Total fan-out                               ; 482   ;
; Average fan-out                             ; 2.96  ;
+---------------------------------------------+-------+


+------------------------------------------------------------------------------------------------------------------------------------------------------------------------------+
; Analysis & Synthesis Resource Utilization by Entity                                                                                                                          ;
+----------------------------+-------------------+--------------+-------------+--------------+---------+-----------+------+--------------+----------------------+--------------+
; Compilation Hierarchy Node ; LC Combinationals ; LC Registers ; Memory Bits ; DSP Elements ; DSP 9x9 ; DSP 18x18 ; Pins ; Virtual Pins ; Full Hierarchy Name  ; Library Name ;
+----------------------------+-------------------+--------------+-------------+--------------+---------+-----------+------+--------------+----------------------+--------------+
; |baud_rate_converter       ; 101 (101)         ; 58 (58)      ; 0           ; 0            ; 0       ; 0         ; 4    ; 0            ; |baud_rate_converter ; work         ;
+----------------------------+-------------------+--------------+-------------+--------------+---------+-----------+------+--------------+----------------------+--------------+
Note: For table entries with two numbers listed, the numbers in parentheses indicate the number of resources of the given type used by the specific entity alone. The numbers listed outside of parentheses indicate the total resources of the given type used by the specific entity and all of its sub-entities in the hierarchy.


Encoding Type:  One-Hot
+--------------------------------------------------------------------------------------------------------+
; State Machine - |baud_rate_converter|state                                                             ;
+------------------+---------------+----------------+---------------+-----------------+------------------+
; Name             ; state.state_w ; state.state_rw ; state.state_r ; state.state_dly ; state.state_idle ;
+------------------+---------------+----------------+---------------+-----------------+------------------+
; state.state_idle ; 0             ; 0              ; 0             ; 0               ; 0                ;
; state.state_dly  ; 0             ; 0              ; 0             ; 1               ; 1                ;
; state.state_r    ; 0             ; 0              ; 1             ; 0               ; 1                ;
; state.state_rw   ; 0             ; 1              ; 0             ; 0               ; 1                ;
; state.state_w    ; 1             ; 0              ; 0             ; 0               ; 1                ;
+------------------+---------------+----------------+---------------+-----------------+------------------+


+------------------------------------------------------------+
; Registers Removed During Synthesis                         ;
+---------------------------------------+--------------------+
; Register name                         ; Reason for Removal ;
+---------------------------------------+--------------------+
; state.state_rw                        ; Lost fanout        ;
; Total Number of Removed Registers = 1 ;                    ;
+---------------------------------------+--------------------+


+------------------------------------------------------+
; General Register Statistics                          ;
+----------------------------------------------+-------+
; Statistic                                    ; Value ;
+----------------------------------------------+-------+
; Total registers                              ; 58    ;
; Number of registers using Synchronous Clear  ; 24    ;
; Number of registers using Synchronous Load   ; 0     ;
; Number of registers using Asynchronous Clear ; 0     ;
; Number of registers using Asynchronous Load  ; 0     ;
; Number of registers using Clock Enable       ; 53    ;
; Number of registers using Preset             ; 0     ;
+----------------------------------------------+-------+


+--------------------------------------------------+
; Inverted Register Statistics                     ;
+----------------------------------------+---------+
; Inverted Register                      ; Fan out ;
+----------------------------------------+---------+
; tx_now                                 ; 2       ;
; idle                                   ; 2       ;
; rx_now                                 ; 7       ;
; rx_old                                 ; 6       ;
; Total number of inverted registers = 4 ;         ;
+----------------------------------------+---------+


+-------------------------------------------------------------------------------------------------------------------------------------------------+
; Multiplexer Restructuring Statistics (Restructuring Performed)                                                                                  ;
+--------------------+-----------+---------------+----------------------+------------------------+------------+-----------------------------------+
; Multiplexer Inputs ; Bus Width ; Baseline Area ; Area if Restructured ; Saving if Restructured ; Registered ; Example Multiplexer Output        ;
+--------------------+-----------+---------------+----------------------+------------------------+------------+-----------------------------------+
; 4:1                ; 4 bits    ; 8 LEs         ; 4 LEs                ; 4 LEs                  ; Yes        ; |baud_rate_converter|Bcnt_in[2]   ;
; 4:1                ; 4 bits    ; 8 LEs         ; 4 LEs                ; 4 LEs                  ; Yes        ; |baud_rate_converter|Bcnt_out[0]  ;
; 5:1                ; 16 bits   ; 48 LEs        ; 16 LEs               ; 32 LEs                 ; Yes        ; |baud_rate_converter|Tcnt_out[15] ;
; 7:1                ; 9 bits    ; 36 LEs        ; 9 LEs                ; 27 LEs                 ; Yes        ; |baud_rate_converter|rx_buf[9]    ;
; 7:1                ; 16 bits   ; 64 LEs        ; 32 LEs               ; 32 LEs                 ; Yes        ; |baud_rate_converter|Tcnt_in[1]   ;
; 9:1                ; 5 bits    ; 30 LEs        ; 20 LEs               ; 10 LEs                 ; No         ; |baud_rate_converter|Selector52   ;
+--------------------+-----------+---------------+----------------------+------------------------+------------+-----------------------------------+


+-------------------------------+
; Analysis & Synthesis Messages ;
+-------------------------------+
Info: *******************************************************************
Info: Running Quartus II Analysis & Synthesis
    Info: Version 8.1 Build 163 10/28/2008 SJ Web Edition
    Info: Processing started: Tue Mar 05 00:28:44 2019
Info: Command: quartus_map --read_settings_files=on --write_settings_files=off baud_rate_converter -c baud_rate_converter
Info: Found 2 design units, including 1 entities, in source file baud_rate_converter.vhd
    Info: Found design unit 1: baud_rate_converter-Behavioral
    Info: Found entity 1: baud_rate_converter
Info: Elaborating entity "baud_rate_converter" for the top level hierarchy
Info: 1 registers lost all their fanouts during netlist optimizations. The first 1 are displayed below.
    Info: Register "state.state_rw" lost all its fanouts during netlist optimizations.
Info: Implemented 108 device resources after synthesis - the final resource count might be different
    Info: Implemented 2 input pins
    Info: Implemented 2 output pins
    Info: Implemented 104 logic cells
Info: Quartus II Analysis & Synthesis was successful. 0 errors, 0 warnings
    Info: Peak virtual memory: 183 megabytes
    Info: Processing ended: Tue Mar 05 00:28:51 2019
    Info: Elapsed time: 00:00:07
    Info: Total CPU time (on all processors): 00:00:04


